{
  "nbformat": 4,
  "nbformat_minor": 0,
  "metadata": {
    "colab": {
      "provenance": [],
      "collapsed_sections": []
    },
    "kernelspec": {
      "name": "python3",
      "display_name": "Python 3"
    },
    "language_info": {
      "name": "python"
    }
  },
  "cells": [
    {
      "cell_type": "code",
      "metadata": {
        "colab": {
          "base_uri": "https://localhost:8080/"
        },
        "id": "mOKE7gO96xJE",
        "outputId": "b1d48bc3-54b9-4ade-c0a8-5323089ad0b0"
      },
      "source": [
        "print('-----------')\n",
        "print('|          |')\n",
        "print('|         ----')\n",
        "print('|         |. .|')\n",
        "print('|         | - |')\n",
        "print('|         -----')\n",
        "print('|           |')\n",
        "print('|       ____|____')\n",
        "print('|           |')\n",
        "print('|           |')\n",
        "print('|          | |')\n",
        "print('|          | |')"
      ],
      "execution_count": 1,
      "outputs": [
        {
          "output_type": "stream",
          "name": "stdout",
          "text": [
            "-----------\n",
            "|          |\n",
            "|         ----\n",
            "|         |. .|\n",
            "|         | - |\n",
            "|         -----\n",
            "|           |\n",
            "|       ____|____\n",
            "|           |\n",
            "|           |\n",
            "|          | |\n",
            "|          | |\n"
          ]
        }
      ]
    },
    {
      "cell_type": "code",
      "metadata": {
        "id": "l5Zf8bzbCpBm"
      },
      "source": [
        "stage1 = '|\\n' * 11\n",
        "stage2 = '-' * 11 + '\\n' + '|\\n' * 11\n",
        "stage3 = '-' * 11 + '\\n' + '|          |' + '\\n' + '|\\n' * 10\n",
        "stage4 = '-' * 11 + '\\n' + '|          |' + '\\n' + '|\\n' * 10\n",
        "stage5 = '-' * 11 + '\\n|          |' + '\\n|         ----' + '\\n|         |   |' * 2 + '\\n|         ----' + '\\n' + '|\\n' * 6\n",
        "stage6 = '-' * 11 + '\\n|          |' + '\\n|         ----' + '\\n|         |   |' * 2 + '\\n|         ----' + '\\n|           |'*4 + '\\n' + '|\\n' * 2\n",
        "stage7 = '-' * 11 + '\\n|          |' + '\\n|         ----' + '\\n|         |   |' * 2 + '\\n|         ----' + '\\n|           |'*4 + '\\n|          | |'*2 + '\\n'\n",
        "stage8 = '-' * 11 + '\\n|          |' + '\\n|         ----' + '\\n|         |   |' * 2 + '\\n|         ----' + '\\n|           |' + '\\n|       ____|____' + '\\n|           |'*2 + '\\n|          | |'*2 + '\\n'\n",
        "stage9 = '-' * 11 + '\\n|          |' + '\\n|         ----' + '\\n|         |. .|' + '\\n|         |   |' + '\\n|         ----' + '\\n|           |' + '\\n|       ____|____' + '\\n|           |'*2 + '\\n|          | |'*2 + '\\n'\n",
        "stage10 = '-' * 11 + '\\n|          |' + '\\n|         ----' + '\\n|         |. .|' + '\\n|         | - |' + '\\n|         ----' + '\\n|           |' + '\\n|       ____|____' + '\\n|           |'*2 + '\\n|          | |'*2 + '\\n'\n",
        "\n",
        "hangman = [stage1, stage2, stage3, stage4, stage5, stage6, stage7, stage8,stage9, stage10]\n"
      ],
      "execution_count": null,
      "outputs": []
    },
    {
      "cell_type": "code",
      "metadata": {
        "id": "XWH-yRXDovqK",
        "colab": {
          "base_uri": "https://localhost:8080/",
          "height": 537
        },
        "outputId": "e07d2e72-6679-43d2-be61-f77fbde50f96"
      },
      "source": [
        "from IPython.display import clear_output\n",
        "import random\n",
        "\n",
        "a = True\n",
        "words_lst = []\n",
        "while a == True:\n",
        "  clear_output()\n",
        "  word = input('Enter word to add to list: ')\n",
        "  words_lst.append(word)\n",
        "\n",
        "  stop = int(input('0 to stop, 1 to continue adding words: '))\n",
        "  if stop == 0:\n",
        "    a = False\n",
        "\n",
        "\n",
        "chosen_word = random.choice(words_lst)\n",
        "\n",
        "word_hidden = ['-' for i in range(len(chosen_word))]\n",
        "print(word_hidden)\n",
        "\n",
        "stage_pos = 0\n",
        "guesses = 1\n",
        "win = False\n",
        "while win == False:\n",
        "  #clear_output()\n",
        "  letter = input('Enter letter/word: ')\n",
        "\n",
        "  if letter == chosen_word:\n",
        "    print('WEll DONE YOU GUESSED THE CORRECT WORD!')\n",
        "    win = True \n",
        "  \n",
        "  if letter in chosen_word and len(letter) == 1:\n",
        "    print(letter,'is in the word.')\n",
        "    letter_idx = chosen_word.index(letter)\n",
        "    word_hidden[letter_idx] = letter\n",
        "    print(word_hidden)\n",
        "\n",
        "  if letter not in chosen_word:\n",
        "    print('INCORRECT LETTER/WORD.')\n",
        "    print(hangman[stage_pos])\n",
        "    stage_pos += 1\n",
        "  \n",
        "  print(\"You've made\",guesses,\"guess(es).\" )\n",
        "  guesses += 1"
      ],
      "execution_count": null,
      "outputs": [
        {
          "output_type": "error",
          "ename": "KeyboardInterrupt",
          "evalue": "ignored",
          "traceback": [
            "\u001b[0;31m---------------------------------------------------------------------------\u001b[0m",
            "\u001b[0;31mKeyboardInterrupt\u001b[0m                         Traceback (most recent call last)",
            "\u001b[0;32m/usr/local/lib/python3.7/dist-packages/ipykernel/kernelbase.py\u001b[0m in \u001b[0;36m_input_request\u001b[0;34m(self, prompt, ident, parent, password)\u001b[0m\n\u001b[1;32m    728\u001b[0m             \u001b[0;32mtry\u001b[0m\u001b[0;34m:\u001b[0m\u001b[0;34m\u001b[0m\u001b[0;34m\u001b[0m\u001b[0m\n\u001b[0;32m--> 729\u001b[0;31m                 \u001b[0mident\u001b[0m\u001b[0;34m,\u001b[0m \u001b[0mreply\u001b[0m \u001b[0;34m=\u001b[0m \u001b[0mself\u001b[0m\u001b[0;34m.\u001b[0m\u001b[0msession\u001b[0m\u001b[0;34m.\u001b[0m\u001b[0mrecv\u001b[0m\u001b[0;34m(\u001b[0m\u001b[0mself\u001b[0m\u001b[0;34m.\u001b[0m\u001b[0mstdin_socket\u001b[0m\u001b[0;34m,\u001b[0m \u001b[0;36m0\u001b[0m\u001b[0;34m)\u001b[0m\u001b[0;34m\u001b[0m\u001b[0;34m\u001b[0m\u001b[0m\n\u001b[0m\u001b[1;32m    730\u001b[0m             \u001b[0;32mexcept\u001b[0m \u001b[0mException\u001b[0m\u001b[0;34m:\u001b[0m\u001b[0;34m\u001b[0m\u001b[0;34m\u001b[0m\u001b[0m\n",
            "\u001b[0;32m/usr/local/lib/python3.7/dist-packages/jupyter_client/session.py\u001b[0m in \u001b[0;36mrecv\u001b[0;34m(self, socket, mode, content, copy)\u001b[0m\n\u001b[1;32m    802\u001b[0m         \u001b[0;32mtry\u001b[0m\u001b[0;34m:\u001b[0m\u001b[0;34m\u001b[0m\u001b[0;34m\u001b[0m\u001b[0m\n\u001b[0;32m--> 803\u001b[0;31m             \u001b[0mmsg_list\u001b[0m \u001b[0;34m=\u001b[0m \u001b[0msocket\u001b[0m\u001b[0;34m.\u001b[0m\u001b[0mrecv_multipart\u001b[0m\u001b[0;34m(\u001b[0m\u001b[0mmode\u001b[0m\u001b[0;34m,\u001b[0m \u001b[0mcopy\u001b[0m\u001b[0;34m=\u001b[0m\u001b[0mcopy\u001b[0m\u001b[0;34m)\u001b[0m\u001b[0;34m\u001b[0m\u001b[0;34m\u001b[0m\u001b[0m\n\u001b[0m\u001b[1;32m    804\u001b[0m         \u001b[0;32mexcept\u001b[0m \u001b[0mzmq\u001b[0m\u001b[0;34m.\u001b[0m\u001b[0mZMQError\u001b[0m \u001b[0;32mas\u001b[0m \u001b[0me\u001b[0m\u001b[0;34m:\u001b[0m\u001b[0;34m\u001b[0m\u001b[0;34m\u001b[0m\u001b[0m\n",
            "\u001b[0;32m/usr/local/lib/python3.7/dist-packages/zmq/sugar/socket.py\u001b[0m in \u001b[0;36mrecv_multipart\u001b[0;34m(self, flags, copy, track)\u001b[0m\n\u001b[1;32m    624\u001b[0m         \"\"\"\n\u001b[0;32m--> 625\u001b[0;31m         \u001b[0mparts\u001b[0m \u001b[0;34m=\u001b[0m \u001b[0;34m[\u001b[0m\u001b[0mself\u001b[0m\u001b[0;34m.\u001b[0m\u001b[0mrecv\u001b[0m\u001b[0;34m(\u001b[0m\u001b[0mflags\u001b[0m\u001b[0;34m,\u001b[0m \u001b[0mcopy\u001b[0m\u001b[0;34m=\u001b[0m\u001b[0mcopy\u001b[0m\u001b[0;34m,\u001b[0m \u001b[0mtrack\u001b[0m\u001b[0;34m=\u001b[0m\u001b[0mtrack\u001b[0m\u001b[0;34m)\u001b[0m\u001b[0;34m]\u001b[0m\u001b[0;34m\u001b[0m\u001b[0;34m\u001b[0m\u001b[0m\n\u001b[0m\u001b[1;32m    626\u001b[0m         \u001b[0;31m# have first part already, only loop while more to receive\u001b[0m\u001b[0;34m\u001b[0m\u001b[0;34m\u001b[0m\u001b[0;34m\u001b[0m\u001b[0m\n",
            "\u001b[0;32mzmq/backend/cython/socket.pyx\u001b[0m in \u001b[0;36mzmq.backend.cython.socket.Socket.recv\u001b[0;34m()\u001b[0m\n",
            "\u001b[0;32mzmq/backend/cython/socket.pyx\u001b[0m in \u001b[0;36mzmq.backend.cython.socket.Socket.recv\u001b[0;34m()\u001b[0m\n",
            "\u001b[0;32mzmq/backend/cython/socket.pyx\u001b[0m in \u001b[0;36mzmq.backend.cython.socket._recv_copy\u001b[0;34m()\u001b[0m\n",
            "\u001b[0;32m/usr/local/lib/python3.7/dist-packages/zmq/backend/cython/checkrc.pxd\u001b[0m in \u001b[0;36mzmq.backend.cython.checkrc._check_rc\u001b[0;34m()\u001b[0m\n",
            "\u001b[0;31mKeyboardInterrupt\u001b[0m: ",
            "\nDuring handling of the above exception, another exception occurred:\n",
            "\u001b[0;31mKeyboardInterrupt\u001b[0m                         Traceback (most recent call last)",
            "\u001b[0;32m<ipython-input-5-607671782109>\u001b[0m in \u001b[0;36m<module>\u001b[0;34m()\u001b[0m\n\u001b[1;32m      6\u001b[0m \u001b[0;32mwhile\u001b[0m \u001b[0ma\u001b[0m \u001b[0;34m==\u001b[0m \u001b[0;32mTrue\u001b[0m\u001b[0;34m:\u001b[0m\u001b[0;34m\u001b[0m\u001b[0;34m\u001b[0m\u001b[0m\n\u001b[1;32m      7\u001b[0m   \u001b[0mclear_output\u001b[0m\u001b[0;34m(\u001b[0m\u001b[0;34m)\u001b[0m\u001b[0;34m\u001b[0m\u001b[0;34m\u001b[0m\u001b[0m\n\u001b[0;32m----> 8\u001b[0;31m   \u001b[0mword\u001b[0m \u001b[0;34m=\u001b[0m \u001b[0minput\u001b[0m\u001b[0;34m(\u001b[0m\u001b[0;34m'Enter word to add to list: '\u001b[0m\u001b[0;34m)\u001b[0m\u001b[0;34m\u001b[0m\u001b[0;34m\u001b[0m\u001b[0m\n\u001b[0m\u001b[1;32m      9\u001b[0m   \u001b[0mwords_lst\u001b[0m\u001b[0;34m.\u001b[0m\u001b[0mappend\u001b[0m\u001b[0;34m(\u001b[0m\u001b[0mword\u001b[0m\u001b[0;34m)\u001b[0m\u001b[0;34m\u001b[0m\u001b[0;34m\u001b[0m\u001b[0m\n\u001b[1;32m     10\u001b[0m \u001b[0;34m\u001b[0m\u001b[0m\n",
            "\u001b[0;32m/usr/local/lib/python3.7/dist-packages/ipykernel/kernelbase.py\u001b[0m in \u001b[0;36mraw_input\u001b[0;34m(self, prompt)\u001b[0m\n\u001b[1;32m    702\u001b[0m             \u001b[0mself\u001b[0m\u001b[0;34m.\u001b[0m\u001b[0m_parent_ident\u001b[0m\u001b[0;34m,\u001b[0m\u001b[0;34m\u001b[0m\u001b[0;34m\u001b[0m\u001b[0m\n\u001b[1;32m    703\u001b[0m             \u001b[0mself\u001b[0m\u001b[0;34m.\u001b[0m\u001b[0m_parent_header\u001b[0m\u001b[0;34m,\u001b[0m\u001b[0;34m\u001b[0m\u001b[0;34m\u001b[0m\u001b[0m\n\u001b[0;32m--> 704\u001b[0;31m             \u001b[0mpassword\u001b[0m\u001b[0;34m=\u001b[0m\u001b[0;32mFalse\u001b[0m\u001b[0;34m,\u001b[0m\u001b[0;34m\u001b[0m\u001b[0;34m\u001b[0m\u001b[0m\n\u001b[0m\u001b[1;32m    705\u001b[0m         )\n\u001b[1;32m    706\u001b[0m \u001b[0;34m\u001b[0m\u001b[0m\n",
            "\u001b[0;32m/usr/local/lib/python3.7/dist-packages/ipykernel/kernelbase.py\u001b[0m in \u001b[0;36m_input_request\u001b[0;34m(self, prompt, ident, parent, password)\u001b[0m\n\u001b[1;32m    732\u001b[0m             \u001b[0;32mexcept\u001b[0m \u001b[0mKeyboardInterrupt\u001b[0m\u001b[0;34m:\u001b[0m\u001b[0;34m\u001b[0m\u001b[0;34m\u001b[0m\u001b[0m\n\u001b[1;32m    733\u001b[0m                 \u001b[0;31m# re-raise KeyboardInterrupt, to truncate traceback\u001b[0m\u001b[0;34m\u001b[0m\u001b[0;34m\u001b[0m\u001b[0;34m\u001b[0m\u001b[0m\n\u001b[0;32m--> 734\u001b[0;31m                 \u001b[0;32mraise\u001b[0m \u001b[0mKeyboardInterrupt\u001b[0m\u001b[0;34m\u001b[0m\u001b[0;34m\u001b[0m\u001b[0m\n\u001b[0m\u001b[1;32m    735\u001b[0m             \u001b[0;32melse\u001b[0m\u001b[0;34m:\u001b[0m\u001b[0;34m\u001b[0m\u001b[0;34m\u001b[0m\u001b[0m\n\u001b[1;32m    736\u001b[0m                 \u001b[0;32mbreak\u001b[0m\u001b[0;34m\u001b[0m\u001b[0;34m\u001b[0m\u001b[0m\n",
            "\u001b[0;31mKeyboardInterrupt\u001b[0m: "
          ]
        }
      ]
    },
    {
      "cell_type": "code",
      "metadata": {
        "id": "eB-II6gPlTRm",
        "colab": {
          "base_uri": "https://localhost:8080/"
        },
        "outputId": "6c555eaa-adf4-41f1-8b8e-104bb5c21c02"
      },
      "source": [
        "bank_status = lambda cost,total: 'Enough money to pay' if total >= cost else ('In debt by:',cost-total) \n",
        "bank_status(100,20)"
      ],
      "execution_count": null,
      "outputs": [
        {
          "output_type": "execute_result",
          "data": {
            "text/plain": [
              "('In debt by:', 80)"
            ]
          },
          "metadata": {},
          "execution_count": 9
        }
      ]
    },
    {
      "cell_type": "code",
      "source": [],
      "metadata": {
        "id": "JX7XAf5y6nfE"
      },
      "execution_count": null,
      "outputs": []
    }
  ]
}